------- FILE doorroomcode.asm LEVEL 1 PASS 1
      1  0000 ????
      2  0000 ????
      3  0000 ????				      MAC	door_room
      4  0000 ????						; Skip 5 scanlines with no PF set
      5  0000 ????				      ldx	#0
      6  0000 ????				      stx	PF0
      7  0000 ????				      stx	PF1
      8  0000 ????				      stx	PF2
      9  0000 ????				      REPEAT	5
     10  0000 ????				      sta	WSYNC
     11  0000 ????				      REPEND
     12  0000 ????
     13  0000 ????
     14  0000 ????						; Set the PF0 to 1110 (LSB first) and PF1-PF2 as 1111 1111
     15  0000 ????				      ldx	#%00010000
     16  0000 ????				      stx	PF0
     17  0000 ????				      ldx	#%00000000
     18  0000 ????				      stx	PF1
     19  0000 ????				      stx	PF2
     20  0000 ????				      REPEAT	7
     21  0000 ????				      sta	WSYNC	; repeat PF config for 7 scanlines
     22  0000 ????				      REPEND
     23  0000 ????
     24  0000 ????
     25  0000 ????				      ldx	#%00100000
     26  0000 ????				      stx	PF0
     27  0000 ????				      ldx	#%00000000
     28  0000 ????				      stx	PF1
     29  0000 ????				      stx	PF2
     30  0000 ????				      REPEAT	7
     31  0000 ????				      sta	WSYNC	; repeat PF config for 7 scanlines
     32  0000 ????				      REPEND
     33  0000 ????
     34  0000 ????						; Set the PF0 to 1110 (LSB first) and PF1-PF2 as 1111 1111
     35  0000 ????				      ldx	#%01000000
     36  0000 ????				      stx	PF0
     37  0000 ????				      ldx	#%00000000
     38  0000 ????				      stx	PF1
     39  0000 ????				      stx	PF2
     40  0000 ????				      REPEAT	7
     41  0000 ????				      sta	WSYNC	; repeat PF config for 7 scanlines
     42  0000 ????				      REPEND
     43  0000 ????
     44  0000 ????				      ldx	#%10000000
     45  0000 ????				      stx	PF0
     46  0000 ????				      ldx	#%00000000
     47  0000 ????				      stx	PF1
     48  0000 ????				      stx	PF2
     49  0000 ????				      REPEAT	7
     50  0000 ????				      sta	WSYNC	; repeat PF config for 7 scanlines
     51  0000 ????				      REPEND
     52  0000 ????
     53  0000 ????				      ldx	#%00000000
     54  0000 ????				      stx	PF0
     55  0000 ????				      ldx	#%10000000
     56  0000 ????				      stx	PF1
     57  0000 ????				      ldx	#%00000000
     58  0000 ????				      stx	PF2
     59  0000 ????				      REPEAT	7
     60  0000 ????				      sta	WSYNC	; repeat PF config for 7 scanlines
     61  0000 ????				      REPEND
     62  0000 ????
     63  0000 ????				      ldx	#%00000000
     64  0000 ????				      stx	PF0
     65  0000 ????				      ldx	#%01000000
     66  0000 ????				      stx	PF1
     67  0000 ????				      ldx	#%00000000
     68  0000 ????				      stx	PF2
     69  0000 ????				      REPEAT	7
     70  0000 ????				      sta	WSYNC	; repeat PF config for 7 scanlines
     71  0000 ????				      REPEND
     72  0000 ????
     73  0000 ????				      ldx	#%00000000
     74  0000 ????				      stx	PF0
     75  0000 ????				      ldx	#%00100000
     76  0000 ????				      stx	PF1
     77  0000 ????				      ldx	#%00000000
     78  0000 ????				      stx	PF2
     79  0000 ????				      REPEAT	7
     80  0000 ????				      sta	WSYNC	; repeat PF config for 7 scanlines
     81  0000 ????				      REPEND
     82  0000 ????
     83  0000 ????						; Set the next 164 lines only with PF0 third bit enabled
     84  0000 ????				      ldx	#%00000000
     85  0000 ????				      stx	PF0
     86  0000 ????				      ldx	#%00011111
     87  0000 ????				      stx	PF1
     88  0000 ????				      ldx	#%11111111
     89  0000 ????				      stx	PF2
     90  0000 ????				      REPEAT	7
     91  0000 ????				      sta	WSYNC	; repeat PF config for 7 scanlines
     92  0000 ????				      REPEND
     93  0000 ????
     94  0000 ????
     95  0000 ????				      ldx	#%00000000
     96  0000 ????				      stx	PF0
     97  0000 ????				      ldx	#%00010000
     98  0000 ????				      stx	PF1
     99  0000 ????				      ldx	#%00000000
    100  0000 ????				      stx	PF2
    101  0000 ????				      REPEAT	21
    102  0000 ????				      sta	WSYNC	; repeat PF config for 7 scanlines
    103  0000 ????				      REPEND
    104  0000 ????
    105  0000 ????						;82
    106  0000 ????
    107  0000 ????				      ldx	#%00000000
    108  0000 ????				      stx	PF0
    109  0000 ????				      ldx	#%00010000
    110  0000 ????				      stx	PF1
    111  0000 ????				      ldx	#%11110000
    112  0000 ????				      stx	PF2
    113  0000 ????				      REPEAT	7
    114  0000 ????				      sta	WSYNC	; repeat PF config for 7 scanlines
    115  0000 ????				      REPEND
    116  0000 ????
    117  0000 ????
    118  0000 ????				      ldx	#%00000000
    119  0000 ????				      stx	PF0
    120  0000 ????				      ldx	#%00010000
    121  0000 ????				      stx	PF1
    122  0000 ????				      ldx	#%00010000
    123  0000 ????				      stx	PF2
    124  0000 ????				      REPEAT	35
    125  0000 ????				      sta	WSYNC	; repeat PF config for 7 scanlines
    126  0000 ????				      REPEND
    127  0000 ????
    128  0000 ????				      ldx	#%00000000
    129  0000 ????				      stx	PF0
    130  0000 ????				      ldx	#%00010000
    131  0000 ????				      stx	PF1
    132  0000 ????				      ldx	#%00010000
    133  0000 ????				      stx	PF2
    134  0000 ????				      REPEAT	7
    135  0000 ????				      sta	WSYNC	; repeat PF config for 7 scanlines
    136  0000 ????				      REPEND
    137  0000 ????
    138  0000 ????						;152
    139  0000 ????
    140  0000 ????						;;;;;;;;;;;;;;;;;;;;;;;;;;;;;;;;;;;;;;;;;;;;;;;;;    
    141  0000 ????				      ldx	#%00000000
    142  0000 ????				      stx	PF0
    143  0000 ????				      ldx	#%00011111
    144  0000 ????				      stx	PF1
    145  0000 ????				      ldx	#%11111111
    146  0000 ????				      stx	PF2
    147  0000 ????				      REPEAT	7
    148  0000 ????				      sta	WSYNC	; repeat PF config for 7 scanlines
    149  0000 ????				      REPEND
    150  0000 ????
    151  0000 ????						;;;;;;;;;;;;;;;;;;;;;;;;;;;;;;;;;;;;;;;;;;;;;;;;;;;;;;;;;;;;;;;;;;;;;	
    152  0000 ????				      ldx	#%00000000
    153  0000 ????				      stx	PF0
    154  0000 ????				      ldx	#%00100000
    155  0000 ????				      stx	PF1
    156  0000 ????				      ldx	#%00000000
    157  0000 ????				      stx	PF2
    158  0000 ????				      REPEAT	7
    159  0000 ????				      sta	WSYNC	; repeat PF config for 7 scanlines
    160  0000 ????				      REPEND
    161  0000 ????
    162  0000 ????
    163  0000 ????				      ldx	#%01000000
    164  0000 ????				      stx	PF1
    165  0000 ????				      ldx	#%00000000
    166  0000 ????				      stx	PF2
    167  0000 ????				      REPEAT	7
    168  0000 ????				      sta	WSYNC	; repeat PF config for 7 scanlines
    169  0000 ????				      REPEND
    170  0000 ????
    171  0000 ????
    172  0000 ????				      ldx	#%10000000
    173  0000 ????				      stx	PF1
    174  0000 ????				      ldx	#%00000000
    175  0000 ????				      stx	PF2
    176  0000 ????				      REPEAT	7
    177  0000 ????				      sta	WSYNC	; repeat PF config for 7 scanlines
    178  0000 ????				      REPEND
    179  0000 ????
    180  0000 ????				      ldx	#%10000000
    181  0000 ????				      stx	PF0
    182  0000 ????				      ldx	#%00000000
    183  0000 ????				      stx	PF1
    184  0000 ????				      stx	PF2
    185  0000 ????				      REPEAT	7
    186  0000 ????				      sta	WSYNC	; repeat PF config for 7 scanlines
    187  0000 ????				      REPEND
    188  0000 ????
    189  0000 ????				      ldx	#%01000000
    190  0000 ????				      stx	PF0
    191  0000 ????				      ldx	#%00000000
    192  0000 ????				      stx	PF1
    193  0000 ????				      stx	PF2
    194  0000 ????				      REPEAT	7
    195  0000 ????				      sta	WSYNC	; repeat PF config for 7 scanlines
    196  0000 ????				      REPEND
    197  0000 ????
    198  0000 ????				      ldx	#%00100000
    199  0000 ????				      stx	PF0
    200  0000 ????				      ldx	#%00000000
    201  0000 ????				      stx	PF1
    202  0000 ????				      stx	PF2
    203  0000 ????				      REPEAT	7
    204  0000 ????				      sta	WSYNC	; repeat PF config for 7 scanlines
    205  0000 ????				      REPEND
    206  0000 ????
    207  0000 ????				      ldx	#%00010000
    208  0000 ????				      stx	PF0
    209  0000 ????				      ldx	#%00000000
    210  0000 ????				      stx	PF1
    211  0000 ????				      stx	PF2
    212  0000 ????				      REPEAT	7
    213  0000 ????				      sta	WSYNC	; repeat PF config for 7 scanlines
    214  0000 ????				      REPEND
    215  0000 ????
    216  0000 ????						;187
    217  0000 ????
    218  0000 ????						;;;;;;;;;;;;;;;;;;;;;;;;;;;;;;;;;;;;;;;;;;;;;;;;;;;;;;;;;;;;;;;;
    219  0000 ????						;; Output 30 more VBLANK overscan lines to complete our frame
    220  0000 ????						;;;;;;;;;;;;;;;;;;;;;;;;;;;;;;;;;;;;;;;;;;;;;;;;;;;;;;;;;;;;;;;;
    221  0000 ????				      lda	#2
    222  0000 ????				      sta	VBLANK	; enable VBLANK back again
    223  0000 ????				      REPEAT	30
    224  0000 ????				      sta	WSYNC	; output the 30 recommended overscan lines
    225  0000 ????				      REPEND
    226  0000 ????
    227  0000 ????				      ENDM
